-------------------------------------------------------------------------------
Test set: TestSuite
-------------------------------------------------------------------------------
Tests run: 1, Failures: 1, Errors: 0, Skipped: 0, Time elapsed: 8.63 s <<< FAILURE! - in TestSuite
runner.TestRunner.scenario["Add Products in Cart", "Automation Exercise"](1)  Time elapsed: 5.901 s  <<< FAILURE!
java.lang.AssertionError: Element not found : anasayfa

